\BOOKMARK [1][-]{section.1}{INTRODUCTION}{}% 1
\BOOKMARK [1][-]{section.2}{BACKGROUND}{}% 2
\BOOKMARK [2][-]{subsection.2.1}{Neural Nets}{section.2}% 3
\BOOKMARK [2][-]{subsection.2.2}{Deep Neural Nets}{section.2}% 4
\BOOKMARK [2][-]{subsection.2.3}{Training a DNN}{section.2}% 5
\BOOKMARK [2][-]{subsection.2.4}{Predictions using a DNN}{section.2}% 6
\BOOKMARK [2][-]{subsection.2.5}{Numeric Precision}{section.2}% 7
\BOOKMARK [1][-]{section.3}{PROPOSAL}{}% 8
\BOOKMARK [1][-]{section.4}{EXPERIMENTAL METHODOLOGY}{}% 9
\BOOKMARK [2][-]{subsection.4.1}{DNN Hardware}{section.4}% 10
\BOOKMARK [2][-]{subsection.4.2}{Topology, Network Level}{section.4}% 11
\BOOKMARK [2][-]{subsection.4.3}{Electrical perspective}{section.4}% 12
\BOOKMARK [2][-]{subsection.4.4}{Framework}{section.4}% 13
\BOOKMARK [2][-]{subsection.4.5}{Software}{section.4}% 14
\BOOKMARK [2][-]{subsection.4.6}{Workflow}{section.4}% 15
\BOOKMARK [2][-]{subsection.4.7}{Data Sets Evaluated}{section.4}% 16
\BOOKMARK [1][-]{section.5}{RESULTS}{}% 17
\BOOKMARK [1][-]{section.6}{DISCUSSION}{}% 18
\BOOKMARK [2][-]{subsection.6.1}{Ristretto}{section.6}% 19
\BOOKMARK [2][-]{subsection.6.2}{FPTuner}{section.6}% 20
\BOOKMARK [2][-]{subsection.6.3}{Limitations of Training on GPU}{section.6}% 21
\BOOKMARK [1][-]{section.7}{RELATED WORK}{}% 22
\BOOKMARK [2][-]{subsection.7.1}{Minerva}{section.7}% 23
\BOOKMARK [1][-]{section.8}{CONCLUSIONS}{}% 24
\BOOKMARK [1][-]{section*.1}{References}{}% 25
